<?xml version="1.0" encoding="UTF-8"?>
<testng-results skipped="0" failed="0" total="1" passed="1">
  <reporter-output>
  </reporter-output>
  <suite name="Default suite" duration-ms="32619" started-at="2019-07-24T10:31:24Z" finished-at="2019-07-24T10:31:56Z">
    <groups>
    </groups>
    <test name="Default test" duration-ms="32619" started-at="2019-07-24T10:31:24Z" finished-at="2019-07-24T10:31:56Z">
      <class name="proj3.NewTest">
        <test-method status="PASS" signature="beforeMethod()[pri:0, instance:proj3.NewTest@4520ebad]" name="beforeMethod" is-config="true" duration-ms="15285" started-at="2019-07-24T16:01:24Z" finished-at="2019-07-24T16:01:39Z">
          <reporter-output>
          </reporter-output>
        </test-method> <!-- beforeMethod -->
        <test-method status="PASS" signature="f()[pri:0, instance:proj3.NewTest@4520ebad]" name="f" duration-ms="17204" started-at="2019-07-24T16:01:39Z" finished-at="2019-07-24T16:01:56Z">
          <reporter-output>
          </reporter-output>
        </test-method> <!-- f -->
        <test-method status="PASS" signature="afterMethod()[pri:0, instance:proj3.NewTest@4520ebad]" name="afterMethod" is-config="true" duration-ms="98" started-at="2019-07-24T16:01:56Z" finished-at="2019-07-24T16:01:56Z">
          <reporter-output>
          </reporter-output>
        </test-method> <!-- afterMethod -->
      </class> <!-- proj3.NewTest -->
    </test> <!-- Default test -->
  </suite> <!-- Default suite -->
</testng-results>
